# JRE version: OpenJDK Runtime Environment (8.0_242-b01) (build 1.8.0_242-release-1644-b01)
# Java VM: OpenJDK 64-Bit Server VM (25.242-b01 mixed mode windows-amd64 compressed oops)
Heap:
 PSYoungGen      total 342528K, used 120407K [0x00000000e0000000, 0x00000000f7500000, 0x0000000100000000)
  eden space 318976K, 30% used [0x00000000e0000000,0x00000000e5e96ba0,0x00000000f3780000)
  from space 23552K, 99% used [0x00000000f5e00000,0x00000000f74ff1d0,0x00000000f7500000)
  to   space 27136K, 0% used [0x00000000f4000000,0x00000000f4000000,0x00000000f5a80000)
 ParOldGen       total 135168K, used 34120K [0x00000000a0000000, 0x00000000a8400000, 0x00000000e0000000)
  object space 135168K, 25% used [0x00000000a0000000,0x00000000a21523b0,0x00000000a8400000)
 Metaspace       used 73327K, capacity 76828K, committed 77056K, reserved 1116160K
  class space    used 9768K, capacity 10493K, committed 10496K, reserved 1048576K
GC Heap History (10 events):
Event: 19.483 GC heap before
{Heap before GC invocations=11 (full 2):
 PSYoungGen      total 210432K, used 195584K [0x00000000e0000000, 0x00000000ee680000, 0x0000000100000000)
  eden space 195584K, 100% used [0x00000000e0000000,0x00000000ebf00000,0x00000000ebf00000)
  from space 14848K, 0% used [0x00000000ecd00000,0x00000000ecd00000,0x00000000edb80000)
  to   space 14336K, 0% used [0x00000000ebf00000,0x00000000ebf00000,0x00000000ecd00000)
 ParOldGen       total 95232K, used 15061K [0x00000000a0000000, 0x00000000a5d00000, 0x00000000e0000000)
  object space 95232K, 15% used [0x00000000a0000000,0x00000000a0eb5508,0x00000000a5d00000)
 Metaspace       used 42970K, capacity 44810K, committed 45184K, reserved 1087488K
  class space    used 5745K, capacity 6156K, committed 6272K, reserved 1048576K
Event: 19.499 GC heap after
Heap after GC invocations=11 (full 2):
 PSYoungGen      total 209920K, used 13929K [0x00000000e0000000, 0x00000000f1180000, 0x0000000100000000)
  eden space 195584K, 0% used [0x00000000e0000000,0x00000000e0000000,0x00000000ebf00000)
  from space 14336K, 97% used [0x00000000ebf00000,0x00000000ecc9a5f0,0x00000000ecd00000)
  to   space 15872K, 0% used [0x00000000f0200000,0x00000000f0200000,0x00000000f1180000)
 ParOldGen       total 95232K, used 15069K [0x00000000a0000000, 0x00000000a5d00000, 0x00000000e0000000)
  object space 95232K, 15% used [0x00000000a0000000,0x00000000a0eb7508,0x00000000a5d00000)
 Metaspace       used 42970K, capacity 44810K, committed 45184K, reserved 1087488K
  class space    used 5745K, capacity 6156K, committed 6272K, reserved 1048576K
}
Event: 22.982 GC heap before
{Heap before GC invocations=12 (full 2):
 PSYoungGen      total 209920K, used 209513K [0x00000000e0000000, 0x00000000f1180000, 0x0000000100000000)
  eden space 195584K, 100% used [0x00000000e0000000,0x00000000ebf00000,0x00000000ebf00000)
  from space 14336K, 97% used [0x00000000ebf00000,0x00000000ecc9a5f0,0x00000000ecd00000)
  to   space 15872K, 0% used [0x00000000f0200000,0x00000000f0200000,0x00000000f1180000)
 ParOldGen       total 95232K, used 15069K [0x00000000a0000000, 0x00000000a5d00000, 0x00000000e0000000)
  object space 95232K, 15% used [0x00000000a0000000,0x00000000a0eb7508,0x00000000a5d00000)
 Metaspace       used 55409K, capacity 57624K, committed 57728K, reserved 1099776K
  class space    used 7285K, capacity 7741K, committed 7808K, reserved 1048576K
Event: 23.015 GC heap after
Heap after GC invocations=12 (full 2):
 PSYoungGen      total 259072K, used 15871K [0x00000000e0000000, 0x00000000f1780000, 0x0000000100000000)
  eden space 243200K, 0% used [0x00000000e0000000,0x00000000e0000000,0x00000000eed80000)
  from space 15872K, 99% used [0x00000000f0200000,0x00000000f117fc20,0x00000000f1180000)
  to   space 20992K, 0% used [0x00000000eed80000,0x00000000eed80000,0x00000000f0200000)
 ParOldGen       total 95232K, used 23589K [0x00000000a0000000, 0x00000000a5d00000, 0x00000000e0000000)
  object space 95232K, 24% used [0x00000000a0000000,0x00000000a17095c0,0x00000000a5d00000)
 Metaspace       used 55409K, capacity 57624K, committed 57728K, reserved 1099776K
  class space    used 7285K, capacity 7741K, committed 7808K, reserved 1048576K
}
Event: 23.740 GC heap before
{Heap before GC invocations=13 (full 2):
 PSYoungGen      total 259072K, used 57754K [0x00000000e0000000, 0x00000000f1780000, 0x0000000100000000)
  eden space 243200K, 17% used [0x00000000e0000000,0x00000000e28e6e48,0x00000000eed80000)
  from space 15872K, 99% used [0x00000000f0200000,0x00000000f117fc20,0x00000000f1180000)
  to   space 20992K, 0% used [0x00000000eed80000,0x00000000eed80000,0x00000000f0200000)
 ParOldGen       total 95232K, used 23589K [0x00000000a0000000, 0x00000000a5d00000, 0x00000000e0000000)
  object space 95232K, 24% used [0x00000000a0000000,0x00000000a17095c0,0x00000000a5d00000)
 Metaspace       used 56575K, capacity 58982K, committed 59096K, reserved 1099776K
  class space    used 7452K, capacity 7997K, committed 8064K, reserved 1048576K
Event: 23.831 GC heap after
Heap after GC invocations=13 (full 2):
 PSYoungGen      total 264192K, used 19884K [0x00000000e0000000, 0x00000000f7500000, 0x0000000100000000)
  eden space 243200K, 0% used [0x00000000e0000000,0x00000000e0000000,0x00000000eed80000)
  from space 20992K, 94% used [0x00000000eed80000,0x00000000f00eb1c8,0x00000000f0200000)
  to   space 23552K, 0% used [0x00000000f5e00000,0x00000000f5e00000,0x00000000f7500000)
 ParOldGen       total 95232K, used 23597K [0x00000000a0000000, 0x00000000a5d00000, 0x00000000e0000000)
  object space 95232K, 24% used [0x00000000a0000000,0x00000000a170b5c0,0x00000000a5d00000)
 Metaspace       used 56575K, capacity 58982K, committed 59096K, reserved 1099776K
  class space    used 7452K, capacity 7997K, committed 8064K, reserved 1048576K
}
Event: 23.831 GC heap before
{Heap before GC invocations=14 (full 3):
 PSYoungGen      total 264192K, used 19884K [0x00000000e0000000, 0x00000000f7500000, 0x0000000100000000)
  eden space 243200K, 0% used [0x00000000e0000000,0x00000000e0000000,0x00000000eed80000)
  from space 20992K, 94% used [0x00000000eed80000,0x00000000f00eb1c8,0x00000000f0200000)
  to   space 23552K, 0% used [0x00000000f5e00000,0x00000000f5e00000,0x00000000f7500000)
 ParOldGen       total 95232K, used 23597K [0x00000000a0000000, 0x00000000a5d00000, 0x00000000e0000000)
  object space 95232K, 24% used [0x00000000a0000000,0x00000000a170b5c0,0x00000000a5d00000)
 Metaspace       used 56575K, capacity 58982K, committed 59096K, reserved 1099776K
  class space    used 7452K, capacity 7997K, committed 8064K, reserved 1048576K
Event: 24.245 GC heap after
Heap after GC invocations=14 (full 3):
 PSYoungGen      total 264192K, used 0K [0x00000000e0000000, 0x00000000f7500000, 0x0000000100000000)
  eden space 243200K, 0% used [0x00000000e0000000,0x00000000e0000000,0x00000000eed80000)
  from space 20992K, 0% used [0x00000000eed80000,0x00000000eed80000,0x00000000f0200000)
  to   space 23552K, 0% used [0x00000000f5e00000,0x00000000f5e00000,0x00000000f7500000)
 ParOldGen       total 135168K, used 34112K [0x00000000a0000000, 0x00000000a8400000, 0x00000000e0000000)
  object space 135168K, 25% used [0x00000000a0000000,0x00000000a21503b0,0x00000000a8400000)
 Metaspace       used 56528K, capacity 58838K, committed 59096K, reserved 1099776K
  class space    used 7440K, capacity 7953K, committed 8064K, reserved 1048576K
}
Event: 36.537 GC heap before
{Heap before GC invocations=15 (full 3):
 PSYoungGen      total 264192K, used 243200K [0x00000000e0000000, 0x00000000f7500000, 0x0000000100000000)
  eden space 243200K, 100% used [0x00000000e0000000,0x00000000eed80000,0x00000000eed80000)
  from space 20992K, 0% used [0x00000000eed80000,0x00000000eed80000,0x00000000f0200000)
  to   space 23552K, 0% used [0x00000000f5e00000,0x00000000f5e00000,0x00000000f7500000)
 ParOldGen       total 135168K, used 34112K [0x00000000a0000000, 0x00000000a8400000, 0x00000000e0000000)
  object space 135168K, 25% used [0x00000000a0000000,0x00000000a21503b0,0x00000000a8400000)
 Metaspace       used 70431K, capacity 73834K, committed 74112K, reserved 1114112K
  class space    used 9590K, capacity 10320K, committed 10368K, reserved 1048576K
Event: 36.566 GC heap after
Heap after GC invocations=15 (full 3):
 PSYoungGen      total 342528K, used 23548K [0x00000000e0000000, 0x00000000f7500000, 0x0000000100000000)
  eden space 318976K, 0% used [0x00000000e0000000,0x00000000e0000000,0x00000000f3780000)
  from space 23552K, 99% used [0x00000000f5e00000,0x00000000f74ff1d0,0x00000000f7500000)
  to   space 27136K, 0% used [0x00000000f4000000,0x00000000f4000000,0x00000000f5a80000)
 ParOldGen       total 135168K, used 34120K [0x00000000a0000000, 0x00000000a8400000, 0x00000000e0000000)
  object space 135168K, 25% used [0x00000000a0000000,0x00000000a21523b0,0x00000000a8400000)
 Metaspace       used 70431K, capacity 73834K, committed 74112K, reserved 1114112K
  class space    used 9590K, capacity 10320K, committed 10368K, reserved 1048576K
}

